running egg_info
creating build/ias0220_231899/ias0220_231899.egg-info
writing build/ias0220_231899/ias0220_231899.egg-info/PKG-INFO
writing dependency_links to build/ias0220_231899/ias0220_231899.egg-info/dependency_links.txt
writing entry points to build/ias0220_231899/ias0220_231899.egg-info/entry_points.txt
writing requirements to build/ias0220_231899/ias0220_231899.egg-info/requires.txt
writing top-level names to build/ias0220_231899/ias0220_231899.egg-info/top_level.txt
writing manifest file 'build/ias0220_231899/ias0220_231899.egg-info/SOURCES.txt'
reading manifest file 'build/ias0220_231899/ias0220_231899.egg-info/SOURCES.txt'
adding license file 'LICENSE'
writing manifest file 'build/ias0220_231899/ias0220_231899.egg-info/SOURCES.txt'
running build
running build_py
creating /home/ubuntu/ros2_ws/src/ias0220_231899/build/ias0220_231899/build
creating /home/ubuntu/ros2_ws/src/ias0220_231899/build/ias0220_231899/build/lib
creating /home/ubuntu/ros2_ws/src/ias0220_231899/build/ias0220_231899/build/lib/ias0220_231899
copying ias0220_231899/__init__.py -> /home/ubuntu/ros2_ws/src/ias0220_231899/build/ias0220_231899/build/lib/ias0220_231899
running install
running install_lib
creating /home/ubuntu/ros2_ws/src/ias0220_231899/install/ias0220_231899/lib/python3.10/site-packages/ias0220_231899
copying /home/ubuntu/ros2_ws/src/ias0220_231899/build/ias0220_231899/build/lib/ias0220_231899/__init__.py -> /home/ubuntu/ros2_ws/src/ias0220_231899/install/ias0220_231899/lib/python3.10/site-packages/ias0220_231899
byte-compiling /home/ubuntu/ros2_ws/src/ias0220_231899/install/ias0220_231899/lib/python3.10/site-packages/ias0220_231899/__init__.py to __init__.cpython-310.pyc
running install_data
creating /home/ubuntu/ros2_ws/src/ias0220_231899/install/ias0220_231899/share/ament_index
creating /home/ubuntu/ros2_ws/src/ias0220_231899/install/ias0220_231899/share/ament_index/resource_index
creating /home/ubuntu/ros2_ws/src/ias0220_231899/install/ias0220_231899/share/ament_index/resource_index/packages
copying resource/ias0220_231899 -> /home/ubuntu/ros2_ws/src/ias0220_231899/install/ias0220_231899/share/ament_index/resource_index/packages
copying package.xml -> /home/ubuntu/ros2_ws/src/ias0220_231899/install/ias0220_231899/share/ias0220_231899
creating /home/ubuntu/ros2_ws/src/ias0220_231899/install/ias0220_231899/share/ias0220_231899/config
creating /home/ubuntu/ros2_ws/src/ias0220_231899/install/ias0220_231899/share/ias0220_231899/launch
copying launch/task2.launch.py -> /home/ubuntu/ros2_ws/src/ias0220_231899/install/ias0220_231899/share/ias0220_231899/launch
creating /home/ubuntu/ros2_ws/src/ias0220_231899/install/ias0220_231899/share/ias0220_231899/urdf
copying urdf/differential_robot.urdf -> /home/ubuntu/ros2_ws/src/ias0220_231899/install/ias0220_231899/share/ias0220_231899/urdf
running install_egg_info
Copying build/ias0220_231899/ias0220_231899.egg-info to /home/ubuntu/ros2_ws/src/ias0220_231899/install/ias0220_231899/lib/python3.10/site-packages/ias0220_231899-0.0.0-py3.10.egg-info
running install_scripts
writing list of installed files to '/home/ubuntu/ros2_ws/src/ias0220_231899/build/ias0220_231899/install.log'
