[0.742s] Invoking command in '/home/ubuntu/ros2_ws/src/ias0220_231899': PYTHONPATH=/home/ubuntu/ros2_ws/src/ias0220_231899/build/ias0220_231899/prefix_override:/usr/lib/python3/dist-packages/colcon_core/task/python/colcon_distutils_commands:/home/ubuntu/ros2_ws/src/ias0220_231899/install/ias0220_231899/lib/python3.10/site-packages:${PYTHONPATH} /usr/bin/python3 -W ignore:setup.py install is deprecated setup.py egg_info --egg-base build/ias0220_231899 build --build-base /home/ubuntu/ros2_ws/src/ias0220_231899/build/ias0220_231899/build install --record /home/ubuntu/ros2_ws/src/ias0220_231899/build/ias0220_231899/install.log --single-version-externally-managed install_data
[1.038s] running egg_info
[1.040s] creating build/ias0220_231899/ias0220_231899.egg-info
[1.041s] writing build/ias0220_231899/ias0220_231899.egg-info/PKG-INFO
[1.041s] writing dependency_links to build/ias0220_231899/ias0220_231899.egg-info/dependency_links.txt
[1.042s] writing entry points to build/ias0220_231899/ias0220_231899.egg-info/entry_points.txt
[1.042s] writing requirements to build/ias0220_231899/ias0220_231899.egg-info/requires.txt
[1.042s] writing top-level names to build/ias0220_231899/ias0220_231899.egg-info/top_level.txt
[1.042s] writing manifest file 'build/ias0220_231899/ias0220_231899.egg-info/SOURCES.txt'
[1.044s] reading manifest file 'build/ias0220_231899/ias0220_231899.egg-info/SOURCES.txt'
[1.044s] adding license file 'LICENSE'
[1.045s] writing manifest file 'build/ias0220_231899/ias0220_231899.egg-info/SOURCES.txt'
[1.046s] running build
[1.046s] running build_py
[1.046s] creating /home/ubuntu/ros2_ws/src/ias0220_231899/build/ias0220_231899/build
[1.046s] creating /home/ubuntu/ros2_ws/src/ias0220_231899/build/ias0220_231899/build/lib
[1.046s] creating /home/ubuntu/ros2_ws/src/ias0220_231899/build/ias0220_231899/build/lib/ias0220_231899
[1.047s] copying ias0220_231899/__init__.py -> /home/ubuntu/ros2_ws/src/ias0220_231899/build/ias0220_231899/build/lib/ias0220_231899
[1.047s] running install
[1.047s] running install_lib
[1.048s] creating /home/ubuntu/ros2_ws/src/ias0220_231899/install/ias0220_231899/lib/python3.10/site-packages/ias0220_231899
[1.049s] copying /home/ubuntu/ros2_ws/src/ias0220_231899/build/ias0220_231899/build/lib/ias0220_231899/__init__.py -> /home/ubuntu/ros2_ws/src/ias0220_231899/install/ias0220_231899/lib/python3.10/site-packages/ias0220_231899
[1.049s] byte-compiling /home/ubuntu/ros2_ws/src/ias0220_231899/install/ias0220_231899/lib/python3.10/site-packages/ias0220_231899/__init__.py to __init__.cpython-310.pyc
[1.050s] running install_data
[1.050s] creating /home/ubuntu/ros2_ws/src/ias0220_231899/install/ias0220_231899/share/ament_index
[1.050s] creating /home/ubuntu/ros2_ws/src/ias0220_231899/install/ias0220_231899/share/ament_index/resource_index
[1.051s] creating /home/ubuntu/ros2_ws/src/ias0220_231899/install/ias0220_231899/share/ament_index/resource_index/packages
[1.051s] copying resource/ias0220_231899 -> /home/ubuntu/ros2_ws/src/ias0220_231899/install/ias0220_231899/share/ament_index/resource_index/packages
[1.051s] copying package.xml -> /home/ubuntu/ros2_ws/src/ias0220_231899/install/ias0220_231899/share/ias0220_231899
[1.051s] creating /home/ubuntu/ros2_ws/src/ias0220_231899/install/ias0220_231899/share/ias0220_231899/config
[1.052s] creating /home/ubuntu/ros2_ws/src/ias0220_231899/install/ias0220_231899/share/ias0220_231899/launch
[1.052s] copying launch/task2.launch.py -> /home/ubuntu/ros2_ws/src/ias0220_231899/install/ias0220_231899/share/ias0220_231899/launch
[1.052s] creating /home/ubuntu/ros2_ws/src/ias0220_231899/install/ias0220_231899/share/ias0220_231899/urdf
[1.052s] copying urdf/differential_robot.urdf -> /home/ubuntu/ros2_ws/src/ias0220_231899/install/ias0220_231899/share/ias0220_231899/urdf
[1.053s] running install_egg_info
[1.055s] Copying build/ias0220_231899/ias0220_231899.egg-info to /home/ubuntu/ros2_ws/src/ias0220_231899/install/ias0220_231899/lib/python3.10/site-packages/ias0220_231899-0.0.0-py3.10.egg-info
[1.056s] running install_scripts
[1.081s] writing list of installed files to '/home/ubuntu/ros2_ws/src/ias0220_231899/build/ias0220_231899/install.log'
[1.102s] Invoked command in '/home/ubuntu/ros2_ws/src/ias0220_231899' returned '0': PYTHONPATH=/home/ubuntu/ros2_ws/src/ias0220_231899/build/ias0220_231899/prefix_override:/usr/lib/python3/dist-packages/colcon_core/task/python/colcon_distutils_commands:/home/ubuntu/ros2_ws/src/ias0220_231899/install/ias0220_231899/lib/python3.10/site-packages:${PYTHONPATH} /usr/bin/python3 -W ignore:setup.py install is deprecated setup.py egg_info --egg-base build/ias0220_231899 build --build-base /home/ubuntu/ros2_ws/src/ias0220_231899/build/ias0220_231899/build install --record /home/ubuntu/ros2_ws/src/ias0220_231899/build/ias0220_231899/install.log --single-version-externally-managed install_data
