[0.750s] Invoking command in '/home/ubuntu/ros2_ws/src/ias0220_231899/build/ias0220_231899': PYTHONPATH=/home/ubuntu/ros2_ws/src/ias0220_231899/build/ias0220_231899/prefix_override:/usr/lib/python3/dist-packages/colcon_core/task/python/colcon_distutils_commands:/home/ubuntu/ros2_ws/src/ias0220_231899/install/ias0220_231899/lib/python3.10/site-packages:${PYTHONPATH} /usr/bin/python3 -W ignore:setup.py install is deprecated setup.py develop --editable --build-directory /home/ubuntu/ros2_ws/src/ias0220_231899/build/ias0220_231899/build --no-deps symlink_data --force
[1.075s] running develop
[1.077s] /usr/lib/python3/dist-packages/setuptools/command/easy_install.py:158: EasyInstallDeprecationWarning: easy_install command is deprecated. Use build and pip and other standards-based tools.
[1.077s]   warnings.warn(
[1.287s] running egg_info
[1.288s] writing ias0220_231899.egg-info/PKG-INFO
[1.288s] writing dependency_links to ias0220_231899.egg-info/dependency_links.txt
[1.288s] writing entry points to ias0220_231899.egg-info/entry_points.txt
[1.288s] writing requirements to ias0220_231899.egg-info/requires.txt
[1.288s] writing top-level names to ias0220_231899.egg-info/top_level.txt
[1.290s] reading manifest file 'ias0220_231899.egg-info/SOURCES.txt'
[1.291s] writing manifest file 'ias0220_231899.egg-info/SOURCES.txt'
[1.292s] running build_ext
[1.293s] Creating /home/ubuntu/ros2_ws/src/ias0220_231899/install/ias0220_231899/lib/python3.10/site-packages/ias0220-231899.egg-link (link to .)
[1.294s] 
[1.294s] Installed /home/ubuntu/ros2_ws/src/ias0220_231899/build/ias0220_231899
[1.294s] running symlink_data
[1.294s] symbolically linking /home/ubuntu/ros2_ws/src/ias0220_231899/build/ias0220_231899/resource/ias0220_231899 -> /home/ubuntu/ros2_ws/src/ias0220_231899/install/ias0220_231899/share/ament_index/resource_index/packages
[1.294s] symbolically linking /home/ubuntu/ros2_ws/src/ias0220_231899/build/ias0220_231899/package.xml -> /home/ubuntu/ros2_ws/src/ias0220_231899/install/ias0220_231899/share/ias0220_231899
[1.295s] symbolically linking /home/ubuntu/ros2_ws/src/ias0220_231899/build/ias0220_231899/launch/task2.launch.py -> /home/ubuntu/ros2_ws/src/ias0220_231899/install/ias0220_231899/share/ias0220_231899/launch
[1.295s] symbolically linking /home/ubuntu/ros2_ws/src/ias0220_231899/build/ias0220_231899/urdf/differential_robot.urdf -> /home/ubuntu/ros2_ws/src/ias0220_231899/install/ias0220_231899/share/ias0220_231899/urdf
[1.322s] Invoked command in '/home/ubuntu/ros2_ws/src/ias0220_231899/build/ias0220_231899' returned '0': PYTHONPATH=/home/ubuntu/ros2_ws/src/ias0220_231899/build/ias0220_231899/prefix_override:/usr/lib/python3/dist-packages/colcon_core/task/python/colcon_distutils_commands:/home/ubuntu/ros2_ws/src/ias0220_231899/install/ias0220_231899/lib/python3.10/site-packages:${PYTHONPATH} /usr/bin/python3 -W ignore:setup.py install is deprecated setup.py develop --editable --build-directory /home/ubuntu/ros2_ws/src/ias0220_231899/build/ias0220_231899/build --no-deps symlink_data --force
